<?xml version="1.0" encoding="UTF-8"?>
<testsuite name="com.arthurlamberti.admin.catalogo.application.category.create.CreateCategoryUseCaseTest" tests="4" skipped="0" failures="0" errors="0" timestamp="2024-02-15T02:42:23" hostname="MacBook-Pro-de-Arthur-2.local" time="0.109">
  <properties/>
  <testcase name="givenAValidCommand_whenGatewayThrowsRandomException_thenReturnDomainException()" classname="com.arthurlamberti.admin.catalogo.application.category.create.CreateCategoryUseCaseTest" time="0.101"/>
  <testcase name="givenAValidCommand_whenCallsCreateCategory_thenReturnCategoryId()" classname="com.arthurlamberti.admin.catalogo.application.category.create.CreateCategoryUseCaseTest" time="0.003"/>
  <testcase name="givenAInvalidName_whenCallsCreateCategory_thenReturnDomainException()" classname="com.arthurlamberti.admin.catalogo.application.category.create.CreateCategoryUseCaseTest" time="0.001"/>
  <testcase name="givenAValidCommandWithInactiveCategory_whenCallsCreateCategory_thenReturnInactiveCategoryId()" classname="com.arthurlamberti.admin.catalogo.application.category.create.CreateCategoryUseCaseTest" time="0.001"/>
  <system-out><![CDATA[]]></system-out>
  <system-err><![CDATA[]]></system-err>
</testsuite>
