<?xml version="1.0" encoding="UTF-8"?>
<testsuite name="com.arthurlamberti.admin.catalogo.application.category.delete.DeleteCategoryUseCaseTest" tests="3" skipped="0" failures="0" errors="0" timestamp="2024-02-15T02:42:23" hostname="MacBook-Pro-de-Arthur-2.local" time="0.008">
  <properties/>
  <testcase name="givenAValidId_whenCallsDeleteCategory_shouldBeOk()" classname="com.arthurlamberti.admin.catalogo.application.category.delete.DeleteCategoryUseCaseTest" time="0.004"/>
  <testcase name="givenAnInvalidId_whenCallsDeleteCategory_shouldBeOk()" classname="com.arthurlamberti.admin.catalogo.application.category.delete.DeleteCategoryUseCaseTest" time="0.002"/>
  <testcase name="givenAValidId_whenGatewayThrowsError_shouldReturnException()" classname="com.arthurlamberti.admin.catalogo.application.category.delete.DeleteCategoryUseCaseTest" time="0.002"/>
  <system-out><![CDATA[]]></system-out>
  <system-err><![CDATA[]]></system-err>
</testsuite>
