<?xml version="1.0" encoding="UTF-8"?>
<testsuite name="com.arthurlamberti.admin.catalogo.application.UseCaseTest" tests="1" skipped="0" failures="0" errors="0" timestamp="2024-02-15T02:42:23" hostname="MacBook-Pro-de-Arthur-2.local" time="0.462">
  <properties/>
  <testcase name="testCreateUseCase()" classname="com.arthurlamberti.admin.catalogo.application.UseCaseTest" time="0.462"/>
  <system-out><![CDATA[]]></system-out>
  <system-err><![CDATA[]]></system-err>
</testsuite>
